#
# A fatal error has been detected by the Java Runtime Environment:
#
#  EXCEPTION_ACCESS_VIOLATION (0xc0000005) at pc=0x00007ffc08756490, pid=18692, tid=0x00000000000043f0
#
# JRE version: Java(TM) SE Runtime Environment (8.0_152-b16) (build 1.8.0_152-b16)
# Java VM: Java HotSpot(TM) 64-Bit Server VM (25.152-b16 mixed mode windows-amd64 compressed oops)
# Problematic frame:
# C  [glfw.dll+0x6490]
#
# Failed to write core dump. Minidumps are not enabled by default on client versions of Windows
#
# If you would like to submit a bug report, please visit:
#   http://bugreport.java.com/bugreport/crash.jsp
# The crash happened outside the Java Virtual Machine in native code.
# See problematic frame for where to report the bug.
#

---------------  T H R E A D  ---------------

Current thread (0x000000001e080000):  JavaThread "nRepl-session-712aeea8-3ff8-49ac-adee-17dadeab5661" daemon [_thread_in_native, id=17392, stack(0x00000000271a0000,0x00000000272a0000)]

siginfo: ExceptionCode=0xc0000005, reading address 0x0000000000000000

Registers:
RAX=0x0000000000000000, RBX=0x00000000354b17f0, RCX=0x0000000000000000, RDX=0x00000000354b2a10
RSP=0x000000002729e380, RBP=0x000000002729e410, RSI=0x0000000000000108, RDI=0x000000000001278a
R8 =0x00000000354b17f0, R9 =0x00007ffc087563e0, R10=0x00007ffc1f481b10, R11=0x0000000003bb9798
R12=0x0000000000000000, R13=0x000000002729e430, R14=0x000000002729e400, R15=0x000000001e080000
RIP=0x00007ffc08756490, EFLAGS=0x0000000000010283

Top of Stack: (sp=0x000000002729e380)
0x000000002729e380:   00000000354b17f0 000000005a73c1d0
0x000000002729e390:   00007ffc08753ea0 000000001e080000
0x000000002729e3a0:   000000002ad23030 0000000003bb984a
0x000000002729e3b0:   000000002729e4a0 000000001fdc3eb0
0x000000002729e3c0:   0000000022266cd0 00000006c55f8cc8
0x000000002729e3d0:   000000002729f1c8 000000001e080000
0x000000002729e3e0:   000000002729e468 0000000002677e70
0x000000002729e3f0:   0000000002677e70 00007ffc08753ea0
0x000000002729e400:   00000006c55f8cc8 0000000000000000
0x000000002729e410:   000000002729e490 000000000267835d
0x000000002729e420:   0000000000000011 000000000267835d
0x000000002729e430:   00007ffc087563e0 000000002729e4b8
0x000000002729e440:   00000000354b17f0 0000000000000000
0x000000002729e450:   000000002729e450 00000000209ca3de
0x000000002729e460:   000000002729e4b8 000000002a774428
0x000000002729e470:   0000000000000000 00000000209ca410 

Instructions: (pc=0x00007ffc08756490)
0x00007ffc08756470:   48 8b 0d 69 1a 05 00 48 8d 15 62 1a 05 00 48 3b
0x00007ffc08756480:   cb 74 1b 0f 1f 40 00 66 0f 1f 84 00 00 00 00 00
0x00007ffc08756490:   48 8b 01 48 8b d1 48 8b c8 48 3b c3 75 f2 48 8b
0x00007ffc087564a0:   03 48 8b cb 48 89 02 48 83 c4 20 5b e9 97 27 01 


Register to memory mapping:

RAX=0x0000000000000000 is an unknown value
RBX=0x00000000354b17f0 is an unknown value
RCX=0x0000000000000000 is an unknown value
RDX=0x00000000354b2a10 is an unknown value
RSP=0x000000002729e380 is pointing into the stack for thread: 0x000000001e080000
RBP=0x000000002729e410 is pointing into the stack for thread: 0x000000001e080000
RSI=0x0000000000000108 is an unknown value
RDI=0x000000000001278a is an unknown value
R8 =0x00000000354b17f0 is an unknown value
R9 =0x00007ffc087563e0 is an unknown value
R10=0x00007ffc1f481b10 is an unknown value
R11=0x0000000003bb9798 is at entry_point+24 in (nmethod*)0x0000000003bb9610
R12=0x0000000000000000 is an unknown value
R13=0x000000002729e430 is pointing into the stack for thread: 0x000000001e080000
R14=0x000000002729e400 is pointing into the stack for thread: 0x000000001e080000
R15=0x000000001e080000 is a thread


Stack: [0x00000000271a0000,0x00000000272a0000],  sp=0x000000002729e380,  free space=1016k
Native frames: (J=compiled Java code, j=interpreted, Vv=VM code, C=native code)
C  [glfw.dll+0x6490]
C  0x0000000003bb984a

Java frames: (J=compiled Java code, j=interpreted, Vv=VM code)
J 6728  org.lwjgl.system.JNI.invokePV(JJ)V (0 bytes) @ 0x0000000003bb97c4 [0x0000000003bb9780+0x44]
j  org.lwjgl.glfw.GLFW.glfwDestroyWindow(J)V+6
j  khepucraft.core$_destruct.invokeStatic(Ljava/lang/Object;)Ljava/lang/Object;+19
j  khepucraft.core$_destruct.invoke(Ljava/lang/Object;)Ljava/lang/Object;+3
j  khepucraft.core$eval35436.invokeStatic()Ljava/lang/Object;+12
j  khepucraft.core$eval35436.invoke()Ljava/lang/Object;+0
J 2154 C1 clojure.lang.Compiler.eval(Ljava/lang/Object;Z)Ljava/lang/Object; (445 bytes) @ 0x0000000002ee0644 [0x0000000002edc140+0x4504]
j  clojure.lang.Compiler.eval(Ljava/lang/Object;)Ljava/lang/Object;+2
j  clojure.core$eval.invokeStatic(Ljava/lang/Object;)Ljava/lang/Object;+3
j  clojure.core$eval.invoke(Ljava/lang/Object;)Ljava/lang/Object;+3
j  clojure.main$repl$read_eval_print__9068$fn__9071.invoke()Ljava/lang/Object;+11
j  clojure.main$repl$read_eval_print__9068.invoke()Ljava/lang/Object;+127
j  clojure.main$repl$fn__9077.invoke()Ljava/lang/Object;+7
j  clojure.main$repl.invokeStatic(Lclojure/lang/ISeq;)Ljava/lang/Object;+639
j  clojure.main$repl.doInvoke(Ljava/lang/Object;)Ljava/lang/Object;+6
j  clojure.lang.RestFn.invoke(Ljava/lang/Object;Ljava/lang/Object;Ljava/lang/Object;Ljava/lang/Object;Ljava/lang/Object;Ljava/lang/Object;Ljava/lang/Object;Ljava/lang/Object;Ljava/lang/Object;Ljava/lang/Object;Ljava/lang/Object;Ljava/lang/Object;Ljava/lang/Object;Ljava/lang/Object;)Ljava/lang/Object;+259
j  nrepl.middleware.interruptible_eval$evaluate.invokeStatic(Ljava/lang/Object;)Ljava/lang/Object;+867
j  nrepl.middleware.interruptible_eval$evaluate.invoke(Ljava/lang/Object;)Ljava/lang/Object;+3
j  nrepl.middleware.interruptible_eval$interruptible_eval$fn__28543$fn__28547.invoke()Ljava/lang/Object;+49
j  clojure.lang.AFn.run()V+1
j  nrepl.middleware.session$session_exec$main_loop__28644$fn__28648.invoke()Ljava/lang/Object;+12
j  nrepl.middleware.session$session_exec$main_loop__28644.invoke()Ljava/lang/Object;+86
j  clojure.lang.AFn.run()V+1
j  java.lang.Thread.run()V+11
v  ~StubRoutines::call_stub

---------------  P R O C E S S  ---------------

Java Threads: ( => current thread )
  0x000000002129a000 JavaThread "clojure-agent-send-off-pool-20" [_thread_blocked, id=16700, stack(0x0000000033390000,0x0000000033490000)]
  0x00000000212a0800 JavaThread "clojure-agent-send-pool-9" daemon [_thread_blocked, id=10832, stack(0x0000000033290000,0x0000000033390000)]
  0x00000000212a0000 JavaThread "clojure-agent-send-pool-8" daemon [_thread_blocked, id=19980, stack(0x000000002adb0000,0x000000002aeb0000)]
  0x000000002129e800 JavaThread "clojure-agent-send-pool-7" daemon [_thread_blocked, id=16404, stack(0x00000000275a0000,0x00000000276a0000)]
  0x000000002129d800 JavaThread "clojure-agent-send-pool-6" daemon [_thread_blocked, id=19604, stack(0x0000000000ad0000,0x0000000000bd0000)]
  0x00000000212a4800 JavaThread "clojure-agent-send-pool-5" daemon [_thread_blocked, id=18448, stack(0x0000000030a40000,0x0000000030b40000)]
  0x00000000212a3800 JavaThread "clojure-agent-send-pool-4" daemon [_thread_blocked, id=17364, stack(0x000000002bfe0000,0x000000002c0e0000)]
  0x0000000021299000 JavaThread "clojure-agent-send-pool-3" daemon [_thread_blocked, id=11872, stack(0x00000000009d0000,0x0000000000ad0000)]
  0x000000002129d000 JavaThread "clojure-agent-send-pool-2" daemon [_thread_blocked, id=11232, stack(0x000000002aab0000,0x000000002abb0000)]
  0x000000002129a800 JavaThread "clojure-agent-send-pool-1" daemon [_thread_blocked, id=7964, stack(0x000000002a9b0000,0x000000002aab0000)]
  0x000000002129f000 JavaThread "clojure-agent-send-pool-0" daemon [_thread_blocked, id=88, stack(0x0000000027da0000,0x0000000027ea0000)]
  0x000000002129b800 JavaThread "Timer-1" [_thread_blocked, id=18304, stack(0x00000000278a0000,0x00000000279a0000)]
  0x000000001e07d000 JavaThread "Timer-0" [_thread_blocked, id=4296, stack(0x00000000276a0000,0x00000000277a0000)]
  0x000000001e082800 JavaThread "nRepl-session-147a236c-0215-4a65-91aa-069305b04a02" daemon [_thread_blocked, id=18652, stack(0x00000000272a0000,0x00000000273a0000)]
=>0x000000001e080000 JavaThread "nRepl-session-712aeea8-3ff8-49ac-adee-17dadeab5661" daemon [_thread_in_native, id=17392, stack(0x00000000271a0000,0x00000000272a0000)]
  0x000000001e07e800 JavaThread "clojure-agent-send-off-pool-2" [_thread_in_native, id=18736, stack(0x0000000026fa0000,0x00000000270a0000)]
  0x000000001e07f800 JavaThread "clojure-agent-send-off-pool-1" [_thread_in_native, id=7276, stack(0x00000000246d0000,0x00000000247d0000)]
  0x000000001e081800 JavaThread "clojure-agent-send-off-pool-0" [_thread_blocked, id=18684, stack(0x00000000231b0000,0x00000000232b0000)]
  0x000000001e0d5000 JavaThread "Service Thread" daemon [_thread_blocked, id=2668, stack(0x000000001ec00000,0x000000001ed00000)]
  0x000000001e048800 JavaThread "C1 CompilerThread3" daemon [_thread_blocked, id=19796, stack(0x000000001eb00000,0x000000001ec00000)]
  0x000000001e045000 JavaThread "C2 CompilerThread2" daemon [_thread_blocked, id=7728, stack(0x000000001ea00000,0x000000001eb00000)]
  0x000000001e037800 JavaThread "C2 CompilerThread1" daemon [_thread_blocked, id=8912, stack(0x000000001e900000,0x000000001ea00000)]
  0x000000001e031800 JavaThread "C2 CompilerThread0" daemon [_thread_blocked, id=17100, stack(0x000000001e800000,0x000000001e900000)]
  0x000000001e02f000 JavaThread "Attach Listener" daemon [_thread_blocked, id=10632, stack(0x000000001e700000,0x000000001e800000)]
  0x000000001e02d800 JavaThread "Signal Dispatcher" daemon [_thread_blocked, id=18112, stack(0x000000001e600000,0x000000001e700000)]
  0x000000000266d800 JavaThread "Finalizer" daemon [_thread_blocked, id=12220, stack(0x000000001e400000,0x000000001e500000)]
  0x000000000266c000 JavaThread "Reference Handler" daemon [_thread_blocked, id=19460, stack(0x000000001df00000,0x000000001e000000)]
  0x0000000002575000 JavaThread "main" [_thread_blocked, id=13736, stack(0x0000000002470000,0x0000000002570000)]

Other Threads:
  0x000000001c11a000 VMThread [stack: 0x000000001de00000,0x000000001df00000] [id=20476]
  0x000000001e0ef800 WatcherThread [stack: 0x000000001ed00000,0x000000001ee00000] [id=7580]

VM state:not at safepoint (normal execution)

VM Mutex/Monitor currently owned by a thread: None

Heap:
 PSYoungGen      total 51712K, used 26615K [0x000000076b180000, 0x000000076e500000, 0x00000007c0000000)
  eden space 50688K, 51% used [0x000000076b180000,0x000000076cae5cd0,0x000000076e300000)
  from space 1024K, 59% used [0x000000076e300000,0x000000076e398000,0x000000076e400000)
  to   space 1024K, 0% used [0x000000076e400000,0x000000076e400000,0x000000076e500000)
 ParOldGen       total 238592K, used 78069K [0x00000006c1400000, 0x00000006cfd00000, 0x000000076b180000)
  object space 238592K, 32% used [0x00000006c1400000,0x00000006c603d540,0x00000006cfd00000)
 Metaspace       used 60208K, capacity 81437K, committed 81584K, reserved 1112064K
  class space    used 13516K, capacity 19550K, committed 19632K, reserved 1048576K

Card table byte_map: [0x0000000011a30000,0x0000000012230000] byte_map_base: 0x000000000e426000

Marking Bits: (ParMarkBitMap*) 0x000000005ae20860
 Begin Bits: [0x0000000012f80000, 0x0000000016f30000)
 End Bits:   [0x0000000016f30000, 0x000000001aee0000)

Polling page: 0x00000000003f0000

CodeCache: size=245760Kb used=22458Kb max_used=22458Kb free=223301Kb
 bounds [0x0000000002670000, 0x0000000003c80000, 0x0000000011670000]
 total_blobs=6109 nmethods=4956 adapters=1064
 compilation: enabled

Compilation events (10 events):
Event: 2352.105 Thread 0x000000001e048800 7275       3       clojure.core$repeatedly::invoke (7 bytes)
Event: 2352.106 Thread 0x000000001e048800 nmethod 7275 0x0000000003b0d590 code [0x0000000003b0d720, 0x0000000003b0dc50]
Event: 2357.648 Thread 0x000000001e048800 7276       3       clojure.lang.Keyword::toString (38 bytes)
Event: 2357.648 Thread 0x000000001e048800 nmethod 7276 0x0000000003c7afd0 code [0x0000000003c7b1c0, 0x0000000003c7bb18]
Event: 2357.649 Thread 0x000000001e048800 7277       3       clojure.lang.Compiler::demunge (94 bytes)
Event: 2357.649 Thread 0x000000001e048800 nmethod 7277 0x0000000003c7bf10 code [0x0000000003c7c200, 0x0000000003c7d968]
Event: 2357.657 Thread 0x000000001e048800 7278       3       cider.nrepl.inlined_deps.orchard.v0v5v0_beta11.orchard.java$resolve_symbol$fn__30802::invoke (36 bytes)
Event: 2357.657 Thread 0x000000001e048800 nmethod 7278 0x00000000035d5a50 code [0x00000000035d5be0, 0x00000000035d6048]
Event: 2410.649 Thread 0x000000001e048800 7279       3       java.math.BigInteger::getInt (63 bytes)
Event: 2410.649 Thread 0x000000001e048800 nmethod 7279 0x0000000003b0cf10 code [0x0000000003b0d0a0, 0x0000000003b0d488]

GC Heap History (10 events):
Event: 2101.386 GC heap before
{Heap before GC invocations=1024 (full 3):
 PSYoungGen      total 51712K, used 50880K [0x000000076b180000, 0x000000076e500000, 0x00000007c0000000)
  eden space 50688K, 100% used [0x000000076b180000,0x000000076e300000,0x000000076e300000)
  from space 1024K, 18% used [0x000000076e400000,0x000000076e430000,0x000000076e500000)
  to   space 1024K, 0% used [0x000000076e300000,0x000000076e300000,0x000000076e400000)
 ParOldGen       total 238592K, used 78061K [0x00000006c1400000, 0x00000006cfd00000, 0x000000076b180000)
  object space 238592K, 32% used [0x00000006c1400000,0x00000006c603b540,0x00000006cfd00000)
 Metaspace       used 60002K, capacity 80935K, committed 80944K, reserved 1110016K
  class space    used 13479K, capacity 19504K, committed 19504K, reserved 1048576K
Event: 2101.388 GC heap after
Heap after GC invocations=1024 (full 3):
 PSYoungGen      total 51712K, used 416K [0x000000076b180000, 0x000000076e500000, 0x00000007c0000000)
  eden space 50688K, 0% used [0x000000076b180000,0x000000076b180000,0x000000076e300000)
  from space 1024K, 40% used [0x000000076e300000,0x000000076e368000,0x000000076e400000)
  to   space 1024K, 0% used [0x000000076e400000,0x000000076e400000,0x000000076e500000)
 ParOldGen       total 238592K, used 78069K [0x00000006c1400000, 0x00000006cfd00000, 0x000000076b180000)
  object space 238592K, 32% used [0x00000006c1400000,0x00000006c603d540,0x00000006cfd00000)
 Metaspace       used 60002K, capacity 80935K, committed 80944K, reserved 1110016K
  class space    used 13479K, capacity 19504K, committed 19504K, reserved 1048576K
}
Event: 2103.672 GC heap before
{Heap before GC invocations=1025 (full 3):
 PSYoungGen      total 51712K, used 51104K [0x000000076b180000, 0x000000076e500000, 0x00000007c0000000)
  eden space 50688K, 100% used [0x000000076b180000,0x000000076e300000,0x000000076e300000)
  from space 1024K, 40% used [0x000000076e300000,0x000000076e368000,0x000000076e400000)
  to   space 1024K, 0% used [0x000000076e400000,0x000000076e400000,0x000000076e500000)
 ParOldGen       total 238592K, used 78069K [0x00000006c1400000, 0x00000006cfd00000, 0x000000076b180000)
  object space 238592K, 32% used [0x00000006c1400000,0x00000006c603d540,0x00000006cfd00000)
 Metaspace       used 60028K, capacity 81037K, committed 81328K, reserved 1112064K
  class space    used 13489K, capacity 19518K, committed 19632K, reserved 1048576K
Event: 2103.673 GC heap after
Heap after GC invocations=1025 (full 3):
 PSYoungGen      total 51712K, used 368K [0x000000076b180000, 0x000000076e500000, 0x00000007c0000000)
  eden space 50688K, 0% used [0x000000076b180000,0x000000076b180000,0x000000076e300000)
  from space 1024K, 35% used [0x000000076e400000,0x000000076e45c010,0x000000076e500000)
  to   space 1024K, 0% used [0x000000076e300000,0x000000076e300000,0x000000076e400000)
 ParOldGen       total 238592K, used 78069K [0x00000006c1400000, 0x00000006cfd00000, 0x000000076b180000)
  object space 238592K, 32% used [0x00000006c1400000,0x00000006c603d540,0x00000006cfd00000)
 Metaspace       used 60028K, capacity 81037K, committed 81328K, reserved 1112064K
  class space    used 13489K, capacity 19518K, committed 19632K, reserved 1048576K
}
Event: 2115.909 GC heap before
{Heap before GC invocations=1026 (full 3):
 PSYoungGen      total 51712K, used 51056K [0x000000076b180000, 0x000000076e500000, 0x00000007c0000000)
  eden space 50688K, 100% used [0x000000076b180000,0x000000076e300000,0x000000076e300000)
  from space 1024K, 35% used [0x000000076e400000,0x000000076e45c010,0x000000076e500000)
  to   space 1024K, 0% used [0x000000076e300000,0x000000076e300000,0x000000076e400000)
 ParOldGen       total 238592K, used 78069K [0x00000006c1400000, 0x00000006cfd00000, 0x000000076b180000)
  object space 238592K, 32% used [0x00000006c1400000,0x00000006c603d540,0x00000006cfd00000)
 Metaspace       used 60087K, capacity 81157K, committed 81328K, reserved 1112064K
  class space    used 13502K, capacity 19534K, committed 19632K, reserved 1048576K
Event: 2115.910 GC heap after
Heap after GC invocations=1026 (full 3):
 PSYoungGen      total 51712K, used 448K [0x000000076b180000, 0x000000076e500000, 0x00000007c0000000)
  eden space 50688K, 0% used [0x000000076b180000,0x000000076b180000,0x000000076e300000)
  from space 1024K, 43% used [0x000000076e300000,0x000000076e370000,0x000000076e400000)
  to   space 1024K, 0% used [0x000000076e400000,0x000000076e400000,0x000000076e500000)
 ParOldGen       total 238592K, used 78069K [0x00000006c1400000, 0x00000006cfd00000, 0x000000076b180000)
  object space 238592K, 32% used [0x00000006c1400000,0x00000006c603d540,0x00000006cfd00000)
 Metaspace       used 60087K, capacity 81157K, committed 81328K, reserved 1112064K
  class space    used 13502K, capacity 19534K, committed 19632K, reserved 1048576K
}
Event: 2219.434 GC heap before
{Heap before GC invocations=1027 (full 3):
 PSYoungGen      total 51712K, used 51136K [0x000000076b180000, 0x000000076e500000, 0x00000007c0000000)
  eden space 50688K, 100% used [0x000000076b180000,0x000000076e300000,0x000000076e300000)
  from space 1024K, 43% used [0x000000076e300000,0x000000076e370000,0x000000076e400000)
  to   space 1024K, 0% used [0x000000076e400000,0x000000076e400000,0x000000076e500000)
 ParOldGen       total 238592K, used 78069K [0x00000006c1400000, 0x00000006cfd00000, 0x000000076b180000)
  object space 238592K, 32% used [0x00000006c1400000,0x00000006c603d540,0x00000006cfd00000)
 Metaspace       used 60136K, capacity 81247K, committed 81584K, reserved 1112064K
  class space    used 13509K, capacity 19540K, committed 19632K, reserved 1048576K
Event: 2219.436 GC heap after
Heap after GC invocations=1027 (full 3):
 PSYoungGen      total 51712K, used 704K [0x000000076b180000, 0x000000076e500000, 0x00000007c0000000)
  eden space 50688K, 0% used [0x000000076b180000,0x000000076b180000,0x000000076e300000)
  from space 1024K, 68% used [0x000000076e400000,0x000000076e4b0000,0x000000076e500000)
  to   space 1024K, 0% used [0x000000076e300000,0x000000076e300000,0x000000076e400000)
 ParOldGen       total 238592K, used 78069K [0x00000006c1400000, 0x00000006cfd00000, 0x000000076b180000)
  object space 238592K, 32% used [0x00000006c1400000,0x00000006c603d540,0x00000006cfd00000)
 Metaspace       used 60136K, capacity 81247K, committed 81584K, reserved 1112064K
  class space    used 13509K, capacity 19540K, committed 19632K, reserved 1048576K
}
Event: 2307.659 GC heap before
{Heap before GC invocations=1028 (full 3):
 PSYoungGen      total 51712K, used 51392K [0x000000076b180000, 0x000000076e500000, 0x00000007c0000000)
  eden space 50688K, 100% used [0x000000076b180000,0x000000076e300000,0x000000076e300000)
  from space 1024K, 68% used [0x000000076e400000,0x000000076e4b0000,0x000000076e500000)
  to   space 1024K, 0% used [0x000000076e300000,0x000000076e300000,0x000000076e400000)
 ParOldGen       total 238592K, used 78069K [0x00000006c1400000, 0x00000006cfd00000, 0x000000076b180000)
  object space 238592K, 32% used [0x00000006c1400000,0x00000006c603d540,0x00000006cfd00000)
 Metaspace       used 60196K, capacity 81425K, committed 81584K, reserved 1112064K
  class space    used 13514K, capacity 19546K, committed 19632K, reserved 1048576K
Event: 2307.662 GC heap after
Heap after GC invocations=1028 (full 3):
 PSYoungGen      total 51712K, used 608K [0x000000076b180000, 0x000000076e500000, 0x00000007c0000000)
  eden space 50688K, 0% used [0x000000076b180000,0x000000076b180000,0x000000076e300000)
  from space 1024K, 59% used [0x000000076e300000,0x000000076e398000,0x000000076e400000)
  to   space 1024K, 0% used [0x000000076e400000,0x000000076e400000,0x000000076e500000)
 ParOldGen       total 238592K, used 78069K [0x00000006c1400000, 0x00000006cfd00000, 0x000000076b180000)
  object space 238592K, 32% used [0x00000006c1400000,0x00000006c603d540,0x00000006cfd00000)
 Metaspace       used 60196K, capacity 81425K, committed 81584K, reserved 1112064K
  class space    used 13514K, capacity 19546K, committed 19632K, reserved 1048576K
}

Deoptimization events (10 events):
Event: 2118.645 Thread 0x000000001e080000 Uncommon trap: reason=unstable_if action=reinterpret pc=0x0000000003630ad8 method=clojure.lang.Compiler.resolveIn(Lclojure/lang/Namespace;Lclojure/lang/Symbol;Z)Ljava/lang/Object; @ 232
Event: 2118.658 Thread 0x000000002129a000 Uncommon trap: reason=class_check action=maybe_recompile pc=0x00000000038ffce4 method=clojure.core$sort_by$fn__5963.invoke(Ljava/lang/Object;Ljava/lang/Object;)Ljava/lang/Object; @ 4
Event: 2118.658 Thread 0x000000002129a000 Uncommon trap: reason=class_check action=maybe_recompile pc=0x00000000038ffce4 method=clojure.core$sort_by$fn__5963.invoke(Ljava/lang/Object;Ljava/lang/Object;)Ljava/lang/Object; @ 4
Event: 2118.659 Thread 0x000000002129a000 Uncommon trap: reason=class_check action=maybe_recompile pc=0x00000000038ffce4 method=clojure.core$sort_by$fn__5963.invoke(Ljava/lang/Object;Ljava/lang/Object;)Ljava/lang/Object; @ 4
Event: 2118.659 Thread 0x000000002129a000 Uncommon trap: reason=class_check action=maybe_recompile pc=0x00000000038ffce4 method=clojure.core$sort_by$fn__5963.invoke(Ljava/lang/Object;Ljava/lang/Object;)Ljava/lang/Object; @ 4
Event: 2118.665 Thread 0x000000002129a000 Uncommon trap: reason=class_check action=maybe_recompile pc=0x00000000038ea4e0 method=clojure.core$fn__7309.invokeStatic(Ljava/lang/Object;Ljava/lang/Object;)Ljava/lang/Object; @ 42
Event: 2118.665 Thread 0x000000002129a000 Uncommon trap: reason=class_check action=maybe_recompile pc=0x0000000002bd0e40 method=clojure.core$str.doInvoke(Ljava/lang/Object;Ljava/lang/Object;)Ljava/lang/Object; @ 4
Event: 2118.666 Thread 0x000000002129a000 Uncommon trap: reason=class_check action=maybe_recompile pc=0x0000000002bd0e40 method=clojure.core$str.doInvoke(Ljava/lang/Object;Ljava/lang/Object;)Ljava/lang/Object; @ 4
Event: 2118.666 Thread 0x000000002129a000 Uncommon trap: reason=class_check action=maybe_recompile pc=0x0000000002bd0e40 method=clojure.core$str.doInvoke(Ljava/lang/Object;Ljava/lang/Object;)Ljava/lang/Object; @ 4
Event: 2184.793 Thread 0x000000001e080000 Uncommon trap: reason=class_check action=maybe_recompile pc=0x0000000002b48758 method=clojure.lang.RT.seqFrom(Ljava/lang/Object;)Lclojure/lang/ISeq; @ 74

Classes redefined (0 events):
No events

Internal exceptions (10 events):
Event: 67.522 Thread 0x000000001e07c800 Exception <a 'java/security/PrivilegedActionException'> (0x000000077ee4cb50) thrown at [C:\re\workspace\8-2-build-windows-amd64-cygwin\jdk8u152\9742\hotspot\src\share\vm\prims\jvm.cpp, line 1390]
Event: 67.522 Thread 0x000000001e07c800 Exception <a 'java/security/PrivilegedActionException'> (0x000000077ee4d318) thrown at [C:\re\workspace\8-2-build-windows-amd64-cygwin\jdk8u152\9742\hotspot\src\share\vm\prims\jvm.cpp, line 1390]
Event: 149.953 Thread 0x000000002129d800 Implicit null exception at 0x000000000303618c to 0x00000000030361f4
Event: 149.953 Thread 0x000000002129c000 Implicit null exception at 0x000000000303618c to 0x00000000030361f4
Event: 149.953 Thread 0x00000000212a0000 Implicit null exception at 0x000000000303618c to 0x00000000030361f4
Event: 149.957 Thread 0x000000002129c000 Exception <a 'java/io/FileNotFoundException'> (0x0000000771faea20) thrown at [C:\re\workspace\8-2-build-windows-amd64-cygwin\jdk8u152\9742\hotspot\src\share\vm\prims\jni.cpp, line 709]
Event: 149.957 Thread 0x00000000212a0000 Exception <a 'java/io/FileNotFoundException'> (0x00000007749f2e38) thrown at [C:\re\workspace\8-2-build-windows-amd64-cygwin\jdk8u152\9742\hotspot\src\share\vm\prims\jni.cpp, line 709]
Event: 2018.043 Thread 0x000000002129a000 Implicit null exception at 0x0000000002a09385 to 0x0000000002a09b1d
Event: 2019.544 Thread 0x000000002129a000 Implicit null exception at 0x00000000035d64c1 to 0x00000000035d7195
Event: 2064.713 Thread 0x000000002129a000 Implicit null exception at 0x000000000339f103 to 0x000000000339fb39

Events (10 events):
Event: 2357.611 Executing VM operation: RevokeBias done
Event: 2357.611 Executing VM operation: RevokeBias
Event: 2357.611 Executing VM operation: RevokeBias done
Event: 2357.646 Executing VM operation: RevokeBias
Event: 2357.646 Executing VM operation: RevokeBias done
Event: 2357.649 Thread 0x000000001e048800 flushing nmethod 0x00000000027e3210
Event: 2357.651 loading class khepucraft/core
Event: 2357.651 loading class khepucraft/core done
Event: 2357.652 loading class khepucraft/core
Event: 2357.652 loading class khepucraft/core done


Dynamic libraries:
0x00007ff799940000 - 0x00007ff799977000 	C:\Program Files\Java\jdk1.8.0_152\bin\java.exe
0x00007ffc2b760000 - 0x00007ffc2b950000 	C:\WINDOWS\SYSTEM32\ntdll.dll
0x00007ffc2a560000 - 0x00007ffc2a612000 	C:\WINDOWS\System32\KERNEL32.DLL
0x00007ffc29240000 - 0x00007ffc294e3000 	C:\WINDOWS\System32\KERNELBASE.dll
0x00007ffc26490000 - 0x00007ffc2651f000 	C:\WINDOWS\SYSTEM32\apphelp.dll
0x00007ffc2a620000 - 0x00007ffc2a6c3000 	C:\WINDOWS\System32\ADVAPI32.dll
0x00007ffc2ada0000 - 0x00007ffc2ae3e000 	C:\WINDOWS\System32\msvcrt.dll
0x00007ffc2a770000 - 0x00007ffc2a807000 	C:\WINDOWS\System32\sechost.dll
0x00007ffc2a810000 - 0x00007ffc2a930000 	C:\WINDOWS\System32\RPCRT4.dll
0x00007ffc29db0000 - 0x00007ffc29f44000 	C:\WINDOWS\System32\USER32.dll
0x00007ffc29210000 - 0x00007ffc29231000 	C:\WINDOWS\System32\win32u.dll
0x00007ffc29810000 - 0x00007ffc29836000 	C:\WINDOWS\System32\GDI32.dll
0x00007ffc29040000 - 0x00007ffc291d4000 	C:\WINDOWS\System32\gdi32full.dll
0x00007ffc29710000 - 0x00007ffc297ae000 	C:\WINDOWS\System32\msvcp_win.dll
0x00007ffc287a0000 - 0x00007ffc2889a000 	C:\WINDOWS\System32\ucrtbase.dll
0x00007ffc1dc70000 - 0x00007ffc1def5000 	C:\WINDOWS\WinSxS\amd64_microsoft.windows.common-controls_6595b64144ccf1df_6.0.18362.535_none_e6c3b34713100821\COMCTL32.dll
0x00007ffc299f0000 - 0x00007ffc29d26000 	C:\WINDOWS\System32\combase.dll
0x00007ffc29690000 - 0x00007ffc29710000 	C:\WINDOWS\System32\bcryptPrimitives.dll
0x00007ffc2b670000 - 0x00007ffc2b69e000 	C:\WINDOWS\System32\IMM32.DLL
0x000000005aea0000 - 0x000000005af72000 	C:\Program Files\Java\jdk1.8.0_152\jre\bin\msvcr100.dll
0x000000005a600000 - 0x000000005aea0000 	C:\Program Files\Java\jdk1.8.0_152\jre\bin\server\jvm.dll
0x00007ffc2a760000 - 0x00007ffc2a768000 	C:\WINDOWS\System32\PSAPI.DLL
0x00007ffc23f70000 - 0x00007ffc23f79000 	C:\WINDOWS\SYSTEM32\WSOCK32.dll
0x00007ffc24f00000 - 0x00007ffc24f24000 	C:\WINDOWS\SYSTEM32\WINMM.dll
0x00007ffc23f20000 - 0x00007ffc23f2a000 	C:\WINDOWS\SYSTEM32\VERSION.dll
0x00007ffc2b6b0000 - 0x00007ffc2b71f000 	C:\WINDOWS\System32\WS2_32.dll
0x00007ffc24e80000 - 0x00007ffc24ead000 	C:\WINDOWS\SYSTEM32\WINMMBASE.dll
0x00007ffc29640000 - 0x00007ffc2968a000 	C:\WINDOWS\System32\cfgmgr32.dll
0x000000005a5f0000 - 0x000000005a5ff000 	C:\Program Files\Java\jdk1.8.0_152\jre\bin\verify.dll
0x000000005a5c0000 - 0x000000005a5e9000 	C:\Program Files\Java\jdk1.8.0_152\jre\bin\java.dll
0x000000005a5a0000 - 0x000000005a5b6000 	C:\Program Files\Java\jdk1.8.0_152\jre\bin\zip.dll
0x00007ffc2ae40000 - 0x00007ffc2b525000 	C:\WINDOWS\System32\SHELL32.dll
0x00007ffc2a3e0000 - 0x00007ffc2a489000 	C:\WINDOWS\System32\shcore.dll
0x00007ffc288c0000 - 0x00007ffc2903f000 	C:\WINDOWS\System32\windows.storage.dll
0x00007ffc286b0000 - 0x00007ffc286cf000 	C:\WINDOWS\System32\profapi.dll
0x00007ffc28640000 - 0x00007ffc2868a000 	C:\WINDOWS\System32\powrprof.dll
0x00007ffc28630000 - 0x00007ffc28640000 	C:\WINDOWS\System32\UMPDC.dll
0x00007ffc2a120000 - 0x00007ffc2a172000 	C:\WINDOWS\System32\shlwapi.dll
0x00007ffc28690000 - 0x00007ffc286a1000 	C:\WINDOWS\System32\kernel.appcore.dll
0x00007ffc288a0000 - 0x00007ffc288b7000 	C:\WINDOWS\System32\cryptsp.dll
0x00007ffc279b0000 - 0x00007ffc279e3000 	C:\WINDOWS\system32\rsaenh.dll
0x00007ffc291e0000 - 0x00007ffc29206000 	C:\WINDOWS\System32\bcrypt.dll
0x00007ffc28550000 - 0x00007ffc28575000 	C:\WINDOWS\SYSTEM32\USERENV.dll
0x00007ffc28070000 - 0x00007ffc2807c000 	C:\WINDOWS\SYSTEM32\CRYPTBASE.dll
0x000000005a580000 - 0x000000005a59a000 	C:\Program Files\Java\jdk1.8.0_152\jre\bin\net.dll
0x00007ffc27e40000 - 0x00007ffc27ea7000 	C:\WINDOWS\system32\mswsock.dll
0x00007ffc27b50000 - 0x00007ffc27b8a000 	C:\WINDOWS\SYSTEM32\IPHLPAPI.DLL
0x00007ffc2b6a0000 - 0x00007ffc2b6a8000 	C:\WINDOWS\System32\NSI.dll
0x00007ffc22a70000 - 0x00007ffc22a86000 	C:\WINDOWS\SYSTEM32\dhcpcsvc6.DLL
0x00007ffc226b0000 - 0x00007ffc226cc000 	C:\WINDOWS\SYSTEM32\dhcpcsvc.DLL
0x00007ffc27b90000 - 0x00007ffc27c5a000 	C:\WINDOWS\SYSTEM32\DNSAPI.dll
0x000000005a560000 - 0x000000005a571000 	C:\Program Files\Java\jdk1.8.0_152\jre\bin\nio.dll
0x00007ffc1f610000 - 0x00007ffc1f639000 	C:\Users\Adero\AppData\Local\Temp\neanderthal-mkl-0.25.02251008313054135417.dll
0x00007ffc1a310000 - 0x00007ffc1a326000 	C:\WINDOWS\SYSTEM32\VCRUNTIME140.dll
0x00007ffbda830000 - 0x00007ffbdb6b2000 	C:\ProgramData\Anaconda3\Library\bin\mkl_rt.dll
0x00007ffbd16e0000 - 0x00007ffbd35ee000 	C:\ProgramData\Anaconda3\Library\bin\mkl_intel_thread.dll
0x00007ffc04040000 - 0x00007ffc04213000 	C:\ProgramData\Anaconda3\Library\bin\libiomp5md.dll
0x00007ffbb3bc0000 - 0x00007ffbb7e7f000 	C:\ProgramData\Anaconda3\Library\bin\mkl_core.dll
0x00007ffbb0920000 - 0x00007ffbb3bb6000 	C:\ProgramData\Anaconda3\Library\bin\mkl_avx2.dll
0x00007ffbdd640000 - 0x00007ffbde2a2000 	C:\ProgramData\Anaconda3\Library\bin\mkl_vml_avx2.dll
0x00007ffc1f480000 - 0x00007ffc1f4e4000 	C:\Users\Adero\AppData\Local\Temp\lwjglAdero\3.2.3-build-13\lwjgl.dll
0x00007ffc0a540000 - 0x00007ffc0a599000 	C:\Users\Adero\AppData\Local\Temp\lwjglAdero\3.2.3-build-13\lwjgl_opengl.dll
0x00007ffc15a70000 - 0x00007ffc15bc6000 	C:\WINDOWS\SYSTEM32\opengl32.dll
0x00007ffc1fd20000 - 0x00007ffc1fd4c000 	C:\WINDOWS\SYSTEM32\GLU32.dll
0x00007ffc272f0000 - 0x00007ffc27310000 	C:\WINDOWS\SYSTEM32\dxcore.dll
0x000000005a3c0000 - 0x000000005a558000 	C:\Program Files\Java\jdk1.8.0_152\jre\bin\awt.dll
0x00007ffc2a490000 - 0x00007ffc2a554000 	C:\WINDOWS\System32\OLEAUT32.dll
0x00007ffc08750000 - 0x00007ffc087b2000 	C:\Users\Adero\AppData\Local\Temp\lwjglAdero\3.2.3-build-13\glfw.dll
0x00007ffc26560000 - 0x00007ffc265f9000 	C:\WINDOWS\system32\uxtheme.dll
0x00007ffc28450000 - 0x00007ffc2847a000 	C:\WINDOWS\SYSTEM32\DEVOBJ.dll
0x00007ffc26a90000 - 0x00007ffc26abd000 	C:\WINDOWS\SYSTEM32\dwmapi.dll
0x00007ffc16b70000 - 0x00007ffc16c8a000 	C:\WINDOWS\SYSTEM32\inputhost.dll
0x00007ffc25d30000 - 0x00007ffc25e04000 	C:\WINDOWS\SYSTEM32\CoreMessaging.dll
0x00007ffc23920000 - 0x00007ffc23c4a000 	C:\WINDOWS\SYSTEM32\CoreUIComponents.dll
0x00007ffc24990000 - 0x00007ffc24a7f000 	C:\WINDOWS\SYSTEM32\PROPSYS.dll
0x00007ffc237c0000 - 0x00007ffc23913000 	C:\WINDOWS\SYSTEM32\wintypes.dll
0x00007ffc27640000 - 0x00007ffc27671000 	C:\WINDOWS\SYSTEM32\ntmarta.dll
0x00007ffc2b530000 - 0x00007ffc2b665000 	C:\WINDOWS\System32\MSCTF.dll
0x00007ffc2a930000 - 0x00007ffc2ada0000 	C:\WINDOWS\System32\SETUPAPI.DLL
0x00007ffc297b0000 - 0x00007ffc2980c000 	C:\WINDOWS\System32\WINTRUST.dll
0x00007ffc286d0000 - 0x00007ffc286e2000 	C:\WINDOWS\System32\MSASN1.dll
0x00007ffc294f0000 - 0x00007ffc29639000 	C:\WINDOWS\System32\CRYPT32.dll
0x0000000056280000 - 0x00000000588b9000 	C:\WINDOWS\System32\DriverStore\FileRepository\nv_dispi.inf_amd64_830a0263f2ee97ce\nvoglv64.dll
0x00007ffc29fc0000 - 0x00007ffc2a116000 	C:\WINDOWS\System32\ole32.dll
0x00007ffc24cd0000 - 0x00007ffc24ce3000 	C:\WINDOWS\SYSTEM32\WTSAPI32.dll
0x00007ffbf9f90000 - 0x00007ffbfa251000 	C:\WINDOWS\system32\nvspcap64.dll
0x00007ffc27eb0000 - 0x00007ffc27f0c000 	C:\WINDOWS\SYSTEM32\WINSTA.dll
0x00007ffc1c3d0000 - 0x00007ffc1c46e000 	C:\WINDOWS\System32\TextInputFramework.dll
0x00007ffc1cba0000 - 0x00007ffc1ce46000 	C:\WINDOWS\System32\iertutil.dll
0x00007ffbece50000 - 0x00007ffbed166000 	C:\Users\Adero\AppData\Roaming\discord\0.0.305\modules\discord_hook\3f95d87a95\DiscordHook64.dll
0x00007ffc27310000 - 0x00007ffc273fb000 	C:\WINDOWS\SYSTEM32\dxgi.dll
0x00007ffc25ab0000 - 0x00007ffc25d0b000 	C:\WINDOWS\SYSTEM32\d3d11.dll
0x00007ffc1e810000 - 0x00007ffc1e8fe000 	C:\WINDOWS\System32\DriverStore\FileRepository\nv_dispi.inf_amd64_830a0263f2ee97ce\nvldumdx.dll
0x00007ffc2a2b0000 - 0x00007ffc2a2cd000 	C:\WINDOWS\System32\imagehlp.dll
0x00007ffbdfd30000 - 0x00007ffbe2385000 	C:\WINDOWS\System32\DriverStore\FileRepository\nv_dispi.inf_amd64_830a0263f2ee97ce\nvwgf2umx.dll
0x00007ffc20b30000 - 0x00007ffc21027000 	C:\WINDOWS\SYSTEM32\nvapi64.dll
0x00007ffc25650000 - 0x00007ffc25aa2000 	C:\WINDOWS\SYSTEM32\D3DCompiler_47.dll
0x00007ffbeeac0000 - 0x00007ffbeeb03000 	C:\WINDOWS\SYSTEM32\dinput8.dll
0x00007ffc21700000 - 0x00007ffc21711000 	C:\WINDOWS\SYSTEM32\xinput1_4.dll
0x00007ffc27200000 - 0x00007ffc2720e000 	C:\WINDOWS\SYSTEM32\HID.DLL
0x00007ffc26ea0000 - 0x00007ffc27094000 	C:\WINDOWS\SYSTEM32\dbghelp.dll

VM Arguments:
jvm_args: -Dfile.encoding=Cp1252 -XX:-OmitStackTraceInFastThrow -Dclojure.compile.path=c:\Users\Adero\Github\khepucraft\target\default\classes -Dkhepucraft.version=0.1.0-SNAPSHOT -Dclojure.debug=false 
java_command: clojure.main -i C:\Users\Adero\AppData\Local\Temp\form-init4634982040016488992.clj
java_class_path (initial): c:\Users\Adero\Github\khepucraft\test;c:\Users\Adero\Github\khepucraft\src;c:\Users\Adero\Github\khepucraft\dev-resources;c:\Users\Adero\Github\khepucraft\resources;c:\Users\Adero\Github\khepucraft\target\default\classes;C:\Users\Adero\.m2\repository\org\apache\commons\commons-math3\3.6.1\commons-math3-3.6.1.jar;C:\Users\Adero\.m2\repository\thi\ng\geom\1.0.0-RC4\geom-1.0.0-RC4.jar;C:\Users\Adero\.m2\repository\com\fasterxml\jackson\core\jackson-core\2.8.7\jackson-core-2.8.7.jar;C:\Users\Adero\.m2\repository\clojure-complete\clojure-complete\0.2.5\clojure-complete-0.2.5.jar;C:\Users\Adero\.m2\repository\thi\ng\math\0.3.0\math-0.3.0.jar;C:\Users\Adero\.m2\repository\org\msgpack\msgpack\0.6.12\msgpack-0.6.12.jar;C:\Users\Adero\.m2\repository\thi\ng\xerror\0.1.0\xerror-0.1.0.jar;C:\Users\Adero\.m2\repository\com\postspectacular\dependency\0.1.2\dependency-0.1.2.jar;C:\Users\Adero\.m2\repository\thi\ng\dstruct\0.2.1\dstruct-0.2.1.jar;C:\Users\Adero\.m2\repository\org\jcuda\jcuda\10.1.0\jcuda-10.1.0.jar;C:\Users\Adero\.m2\repository\cljs-log\cljs-log\0.2.2\cljs-log-0.2.2.jar;C:\Users\Adero\.m2\repository\org\clojure\google-closure-library\0.0-20170809-b9c14c6b\google-closure-library-0.0-20170809-b9c14c6b.jar;C:\Users\Adero\.m2\repository\org\clojure\clojure\1.10.0\clojure-1.10.0.jar;C:\Users\Adero\.m2\repository\org\lwjgl\lwjgl\3.2.3\lwjgl-3.2.3.jar;C:\Users\Adero\.m2\repository\com\google\code\gson\gson\2.7\gson-2.7.jar;C:\Users\Adero\.m2\repository\org\codehaus\mojo\animal-sniffer-annotations\1.14\animal-sniffer-annotations-1.14.jar;C:\Users\Adero\.m2\repository\com\google\errorprone\error_prone_annotations\2.0.18\error_prone_annotations-2.0.18.jar;C:\Users\Adero\.m2\repository\org\jcuda\jcublas-natives\10.1.0\jcublas-natives-10.1.0-windows-x86_64.jar;C:\Users\Adero\.m2\repository\org\lwjgl\lwjgl-opengl\3.2.3\lwjgl-opengl-3.2.3-natives-windows.jar;C:\Users\Adero\.m2\repository\com\cognitect\transit-clj\0.8.300\transit-clj-0.8.300.jar;C:\Use
Launcher Type: SUN_STANDARD

Environment Variables:
JAVA_HOME=C:\Program Files\Java\jdk1.8.0_152
CLASSPATH=C:\Users\Adero\.lein\self-installs\leiningen-2.9.1-standalone.jar
PATH=C:\ProgramData\Anaconda3;C:\ProgramData\Anaconda3\Library\mingw-w64\bin;C:\ProgramData\Anaconda3\Library\bin;C:\ProgramData\Anaconda3\Scripts;C:\Program Files\Intel\iCLS Client\;C:\Program Files\Java\jdk1.8.0_152\bin;C:\ProgramData\Oracle\Java\javapath;C:\Windows\system32;C:\Windows;C:\Windows\System32\Wbem;C:\Windows\System32\WindowsPowerShell\v1.0\;C:\Program Files (x86)\NVIDIA Corporation\PhysX\Common;C:\WINDOWS\system32;C:\WINDOWS;C:\WINDOWS\System32\Wbem;C:\WINDOWS\System32\WindowsPowerShell\v1.0\;C:\Program Files\Git\cmd;C:\Program Files\CMake\bin;C:\Program Files\nodejs\;C:\WINDOWS\System32\OpenSSH\;C:\Program Files\Microsoft SQL Server\130\Tools\Binn\;C:\Program Files\NVIDIA Corporation\NVIDIA NvDLISR;C:\Program Files\Calibre2\;C:\Program Files\Microsoft VS Code\bin;C:\WINDOWS\system32;C:\WINDOWS;C:\WINDOWS\System32\Wbem;C:\WINDOWS\System32\WindowsPowerShell\v1.0\;C:\WINDOWS\System32\OpenSSH\;C:\Program Files (x86)\Intel\Intel(R) Management Engine Components\DAL;C:\Program Files\Intel\Intel(R) Management Engine Components\DAL;C:\Program Files\Steel Bank Common Lisp\1.4.14\;C:\Program Files\Intel\Intel(R) Managem;C:\Users\Adero\.lein\bin;C:\Program Files (x86)\Graphviz2.38\bin;C:\Users\Adero\AppData\Roaming\local\bin;C:\Users\Adero\AppData\Local\Programs\stack\x86_64-windows\ghc-8.6.4\bin;C:\Users\Adero\bin\apache-maven-3.6.3\bin;C:\Users\Adero\bin
USERNAME=Adero
DISPLAY=w32
OS=Windows_NT
PROCESSOR_IDENTIFIER=Intel64 Family 6 Model 158 Stepping 9, GenuineIntel



---------------  S Y S T E M  ---------------

OS: Windows 10.0 , 64 bit Build 18362 (10.0.18362.329)

CPU:total 8 (initial active 8) (4 cores per cpu, 2 threads per core) family 6 model 158 stepping 9, cmov, cx8, fxsr, mmx, sse, sse2, sse3, ssse3, sse4.1, sse4.2, popcnt, avx, avx2, aes, clmul, erms, rtm, 3dnowpref, lzcnt, ht, tsc, tscinvbit, bmi1, bmi2, adx

Memory: 4k page, physical 16687532k(7968400k free), swap 25462368k(7511536k free)

vm_info: Java HotSpot(TM) 64-Bit Server VM (25.152-b16) for windows-amd64 JRE (1.8.0_152-b16), built on Sep 14 2017 02:29:36 by "java_re" with MS VC++ 10.0 (VS2010)

time: Sat Dec 28 02:32:10 2019
elapsed time: 2410 seconds (0d 0h 40m 10s)

